<?xml version="1.0" encoding="UTF-8"?>
<testsuite xmlns:xsi="http://www.w3.org/2001/XMLSchema-instance" xsi:schemaLocation="https://maven.apache.org/surefire/maven-surefire-plugin/xsd/surefire-test-report.xsd" name="com.cg.test.AllTest" time="0.364" tests="13" errors="0" skipped="0" failures="0">
  <properties>
[...]
</properties>
  <testcase name="testSeries4()" classname="CalcTest" time="0.036"/>
  <testcase name="testSeries2()" classname="CalcTest" time="0.003"/>
  <testcase name="testSeries3()" classname="CalcTest" time="0.002"/>
  <testcase name="testSeries1()" classname="CalcTest" time="0.001"/>
  <testcase name="testMethod()" classname="CalcTest" time="0.001"/>
  <testcase name="testTaxCalc1()" classname="TaxTest" time="0.001"/>
  <testcase name="testTaxCalc2()" classname="TaxTest" time="0.003"/>
  <testcase name="testTaxCalc4()" classname="TaxTest" time="0.002"/>
  <testcase name="testTaxCalc3()" classname="TaxTest" time="0.001"/>
  <testcase name="testTaxCalc5()" classname="TaxTest" time="0.001"/>
  <testcase name="simple dynamic test(dynamicTests" classname="simple dynamic test(dynamicTests())" time="0.004"/>
  <testcase name="My Executable Class(dynamicTests" classname="My Executable Class(dynamicTests())" time="0.002"/>
  <testcase name="simple dynamic test-2(dynamicTests" classname="simple dynamic test-2(dynamicTests())" time="0.001"/>
</testsuite>